<?xml version="1.0" encoding="UTF-8"?>
<testsuite name="ComputerRepairRequestTest" tests="2" skipped="0" failures="0" errors="0" timestamp="2025-03-04T16:17:38" hostname="DESKTOP-NFFF2FJ" time="0.027">
  <properties/>
  <testcase name="First test" classname="ComputerRepairRequestTest" time="0.023"/>
  <testcase name="Second test" classname="ComputerRepairRequestTest" time="0.002"/>
  <system-out><![CDATA[]]></system-out>
  <system-err><![CDATA[]]></system-err>
</testsuite>
